2025-11-22T17:27:04.990+01:00  INFO 4420 --- [mijnwoonplaats] [main] c.g.m.MijnwoonplaatsApplication          : Starting MijnwoonplaatsApplication using Java 21.0.7 with PID 4420 (C:\Users\geert\Documents\Java projects\mijnwoonplaats\target\classes started by geert in C:\Users\geert\Documents\Java projects\mijnwoonplaats)
2025-11-22T17:27:05.032+01:00 DEBUG 4420 --- [mijnwoonplaats] [main] c.g.m.MijnwoonplaatsApplication          : Running with Spring Boot v3.5.5, Spring v6.2.10
2025-11-22T17:27:05.035+01:00  INFO 4420 --- [mijnwoonplaats] [main] c.g.m.MijnwoonplaatsApplication          : No active profile set, falling back to 1 default profile: "default"
2025-11-22T17:27:28.331+01:00  INFO 4420 --- [mijnwoonplaats] [main] c.g.m.MijnwoonplaatsApplication          : Started MijnwoonplaatsApplication in 26.056 seconds (process running for 27.994)
2025-11-22T17:27:28.342+01:00  INFO 4420 --- [mijnwoonplaats] [main] c.g.mijnwoonplaats.StartupListener       : Startup script found!
2025-11-22T17:27:28.881+01:00  INFO 4420 --- [mijnwoonplaats] [main] c.g.mijnwoonplaats.StartupListener       : Table woonplaatsen has 2501 rows, no update required.
2025-11-22T17:27:28.886+01:00  INFO 4420 --- [mijnwoonplaats] [main] c.g.mijnwoonplaats.StartupListener       : Table buurten has 14421 rows, no update required.
2025-11-22T17:27:28.886+01:00  INFO 4420 --- [mijnwoonplaats] [main] c.g.mijnwoonplaats.StartupListener       : Table postcodes4 has 4265 rows, no update required.
2025-11-22T17:28:03.895+01:00  INFO 4420 --- [mijnwoonplaats] [http-nio-8080-exec-6] c.g.mijnwoonplaats.ControllerClass       : New town being displayed. Id: 1827
2025-11-22T17:33:33.847+01:00  INFO 1436 --- [mijnwoonplaats] [main] c.g.m.MijnwoonplaatsApplication          : Starting MijnwoonplaatsApplication using Java 21.0.7 with PID 1436 (C:\Users\geert\Documents\Java projects\mijnwoonplaats\target\classes started by geert in C:\Users\geert\Documents\Java projects\mijnwoonplaats)
2025-11-22T17:33:33.858+01:00 DEBUG 1436 --- [mijnwoonplaats] [main] c.g.m.MijnwoonplaatsApplication          : Running with Spring Boot v3.5.5, Spring v6.2.10
2025-11-22T17:33:33.862+01:00  INFO 1436 --- [mijnwoonplaats] [main] c.g.m.MijnwoonplaatsApplication          : No active profile set, falling back to 1 default profile: "default"
2025-11-22T17:33:54.808+01:00  INFO 1436 --- [mijnwoonplaats] [main] c.g.m.MijnwoonplaatsApplication          : Started MijnwoonplaatsApplication in 23.316 seconds (process running for 25.159)
2025-11-22T17:33:54.818+01:00  INFO 1436 --- [mijnwoonplaats] [main] c.g.mijnwoonplaats.StartupListener       : Startup script found!
2025-11-22T17:33:55.268+01:00  INFO 1436 --- [mijnwoonplaats] [main] c.g.mijnwoonplaats.StartupListener       : Table woonplaatsen has 2501 rows, no update required.
2025-11-22T17:33:55.274+01:00  INFO 1436 --- [mijnwoonplaats] [main] c.g.mijnwoonplaats.StartupListener       : Table buurten has 14421 rows, no update required.
2025-11-22T17:33:55.275+01:00  INFO 1436 --- [mijnwoonplaats] [main] c.g.mijnwoonplaats.StartupListener       : Table postcodes4 has 4265 rows, no update required.
2025-11-22T17:34:04.959+01:00  INFO 1436 --- [mijnwoonplaats] [http-nio-8080-exec-2] c.g.mijnwoonplaats.ControllerClass       : New town being displayed. Id: 1827
2025-11-22T17:35:29.334+01:00  INFO 5740 --- [mijnwoonplaats] [main] c.g.m.MijnwoonplaatsApplication          : Starting MijnwoonplaatsApplication using Java 21.0.7 with PID 5740 (C:\Users\geert\Documents\Java projects\mijnwoonplaats\target\classes started by geert in C:\Users\geert\Documents\Java projects\mijnwoonplaats)
2025-11-22T17:35:29.342+01:00 DEBUG 5740 --- [mijnwoonplaats] [main] c.g.m.MijnwoonplaatsApplication          : Running with Spring Boot v3.5.5, Spring v6.2.10
2025-11-22T17:35:29.344+01:00  INFO 5740 --- [mijnwoonplaats] [main] c.g.m.MijnwoonplaatsApplication          : No active profile set, falling back to 1 default profile: "default"
2025-11-22T17:35:50.602+01:00  INFO 5740 --- [mijnwoonplaats] [main] c.g.m.MijnwoonplaatsApplication          : Started MijnwoonplaatsApplication in 23.725 seconds (process running for 25.457)
2025-11-22T17:35:50.615+01:00  INFO 5740 --- [mijnwoonplaats] [main] c.g.mijnwoonplaats.StartupListener       : Startup script found!
2025-11-22T17:35:51.178+01:00  INFO 5740 --- [mijnwoonplaats] [main] c.g.mijnwoonplaats.StartupListener       : Table woonplaatsen has 2501 rows, no update required.
2025-11-22T17:35:51.185+01:00  INFO 5740 --- [mijnwoonplaats] [main] c.g.mijnwoonplaats.StartupListener       : Table buurten has 14421 rows, no update required.
2025-11-22T17:35:51.186+01:00  INFO 5740 --- [mijnwoonplaats] [main] c.g.mijnwoonplaats.StartupListener       : Table postcodes4 has 4265 rows, no update required.
2025-11-22T17:36:01.206+01:00  INFO 5740 --- [mijnwoonplaats] [http-nio-8080-exec-4] c.g.mijnwoonplaats.ControllerClass       : New town being displayed. Id: 1827
2025-11-22T18:47:30.773+01:00  INFO 4148 --- [mijnwoonplaats] [main] c.g.m.MijnwoonplaatsApplication          : Starting MijnwoonplaatsApplication using Java 21.0.7 with PID 4148 (C:\Users\geert\Documents\Java projects\mijnwoonplaats\target\classes started by geert in C:\Users\geert\Documents\Java projects\mijnwoonplaats)
2025-11-22T18:47:30.799+01:00 DEBUG 4148 --- [mijnwoonplaats] [main] c.g.m.MijnwoonplaatsApplication          : Running with Spring Boot v3.5.5, Spring v6.2.10
2025-11-22T18:47:30.802+01:00  INFO 4148 --- [mijnwoonplaats] [main] c.g.m.MijnwoonplaatsApplication          : No active profile set, falling back to 1 default profile: "default"
2025-11-22T18:47:54.773+01:00  INFO 4148 --- [mijnwoonplaats] [main] c.g.m.MijnwoonplaatsApplication          : Started MijnwoonplaatsApplication in 26.592 seconds (process running for 28.316)
2025-11-22T18:47:54.785+01:00  INFO 4148 --- [mijnwoonplaats] [main] c.g.mijnwoonplaats.StartupListener       : Startup script found!
2025-11-22T18:47:55.430+01:00  INFO 4148 --- [mijnwoonplaats] [main] c.g.mijnwoonplaats.StartupListener       : Table woonplaatsen has 2501 rows, no update required.
2025-11-22T18:47:55.435+01:00  INFO 4148 --- [mijnwoonplaats] [main] c.g.mijnwoonplaats.StartupListener       : Table buurten has 14421 rows, no update required.
2025-11-22T18:47:55.435+01:00  INFO 4148 --- [mijnwoonplaats] [main] c.g.mijnwoonplaats.StartupListener       : Table postcodes4 has 4265 rows, no update required.
2025-11-22T18:48:12.734+01:00  INFO 4148 --- [mijnwoonplaats] [http-nio-8080-exec-2] c.g.mijnwoonplaats.ControllerClass       : New town being displayed. Id: 1827
